-------------------------------------------------------------------------------
Test set: com.shekhar.user.AppTest
-------------------------------------------------------------------------------
Tests run: 1, Failures: 1, Errors: 0, Skipped: 0, Time elapsed: 0.086 s <<< FAILURE! - in com.shekhar.user.AppTest
shouldAnswerWithTrue(com.shekhar.user.AppTest)  Time elapsed: 0.04 s  <<< FAILURE!
org.junit.ComparisonFailure: expected:<she[]har> but was:<she[k]har>
	at com.shekhar.user.AppTest.shouldAnswerWithTrue(AppTest.java:27)

